<?xml version="1.0" encoding="UTF-8"?>
<!-- Generated by org.testng.reporters.JUnitReportReporter -->
<testsuite hostname="TYSS-Dhanush-K-V" failures="0" tests="2" name="Demo.dataproviders" time="0.025" errors="0" timestamp="2023-12-15T22:28:21 IST" skipped="0">
  <testcase classname="Demo.dataproviders" name="getData" time="0.004"/>
  <system-out/>
  <testcase classname="Demo.dataproviders" name="getData" time="0.021"/>
  <system-out/>
</testsuite> <!-- Demo.dataproviders -->
