<?xml version="1.0" encoding="UTF-8"?>
<!-- Generated by org.testng.reporters.JUnitReportReporter -->
<testsuite hostname="TYSS-Dhanush-K-V" failures="0" tests="6" name="demo" time="0.122" errors="0" timestamp="2023-12-11T10:44:02 IST" skipped="1">
  <testcase classname="demo" name="login" time="0.011"/>
  <system-out>
    <![CDATA[testng class executed]]>
  </system-out>
  <testcase classname="demo" name="login" time="0.035"/>
  <system-out>
    <![CDATA[testng class executed]]>
  </system-out>
  <testcase classname="demo" name="login" time="0.035"/>
  <system-out>
    <![CDATA[testng class executed]]>
  </system-out>
  <testcase classname="demo" name="login" time="0.006"/>
  <system-out>
    <![CDATA[testng class executed]]>
  </system-out>
  <testcase classname="demo" name="login" time="0.035"/>
  <system-out>
    <![CDATA[testng class executed]]>
  </system-out>
  <testcase classname="demo" name="register">
    <skipped/>
  </testcase> <!-- register -->
  <system-out/>
</testsuite> <!-- demo -->
