<?xml version="1.0" encoding="UTF-8"?>
<!-- Generated by org.testng.reporters.JUnitReportReporter -->
<testsuite hostname="TYSS-Dhanush-K-V" failures="0" tests="1" name="Demo.facebook" time="6.008" errors="0" timestamp="2023-12-15T21:30:50 IST" skipped="0">
  <testcase classname="Demo.facebook" name="face" time="6.008"/>
  <system-out/>
</testsuite> <!-- Demo.facebook -->
