<?xml version="1.0" encoding="UTF-8"?>
<!-- Generated by org.testng.reporters.JUnitReportReporter -->
<testsuite hostname="TYSS-Dhanush-K-V" failures="0" tests="2" name="Demo.annotationattributes" time="47.889" errors="0" timestamp="2023-12-15T20:49:27 IST" skipped="0">
  <testcase classname="Demo.annotationattributes" name="main" time="23.960"/>
  <system-out/>
  <testcase classname="Demo.annotationattributes" name="main" time="23.929"/>
  <system-out/>
</testsuite> <!-- Demo.annotationattributes -->
