<?xml version="1.0" encoding="UTF-8"?>
<!-- Generated by org.testng.reporters.JUnitReportReporter -->
<testsuite hostname="TYSS-Dhanush-K-V" failures="0" tests="1" name="Demo.Seleniumscreen.Apple" time="4.661" errors="0" timestamp="2023-12-12T13:58:07 IST" skipped="0">
  <testcase classname="Demo.Seleniumscreen.Apple" name="apple" time="4.661"/>
  <system-out>
    <![CDATA[launched]]>
  </system-out>
</testsuite> <!-- Demo.Seleniumscreen.Apple -->
